2021-01-22 09:21:39.283 - Info	
Packing C:\Users\TSturgeon\Desktop\TimAddressLookup2\Solutions\obj\Debug\Metadata to bin\Debug\Solutions.zip

2021-01-22 09:21:39.301 - Info	Processing Component: Entities
2021-01-22 09:21:39.303 - Info	Processing Component: Roles
2021-01-22 09:21:39.306 - Info	Processing Component: Workflows
2021-01-22 09:21:39.306 - Info	Processing Component: FieldSecurityProfiles
2021-01-22 09:21:39.306 - Info	Processing Component: Templates
2021-01-22 09:21:39.306 - Info	Processing Component: EntityMaps
2021-01-22 09:21:39.306 - Info	Processing Component: EntityRelationships
2021-01-22 09:21:39.311 - Info	Processing Component: OrganizationSettings
2021-01-22 09:21:39.311 - Info	Processing Component: optionsets
2021-01-22 09:21:39.311 - Info	Processing Component: CustomControls
2021-01-22 09:21:39.343 - Info	 - HSL.AddressLookup
2021-01-22 09:21:39.521 - Info	Processing Component: SolutionPluginAssemblies
2021-01-22 09:21:39.522 - Info	Processing Component: EntityDataProviders
2021-01-22 09:21:39.621 - Info	
Unmanaged Pack complete.

2021-01-22 11:36:44.572 - Info	
Packing C:\Users\TSturgeon\Desktop\TimAddressLookup2\solutions\obj\Debug\Metadata to bin\Debug\Solutions.zip and bin\Debug\Solutions_managed.zip

2021-01-22 11:36:44.597 - Info	Processing Component: Entities
2021-01-22 11:36:44.599 - Info	Processing Component: Roles
2021-01-22 11:36:44.601 - Info	Processing Component: Workflows
2021-01-22 11:36:44.602 - Info	Processing Component: FieldSecurityProfiles
2021-01-22 11:36:44.602 - Info	Processing Component: Templates
2021-01-22 11:36:44.603 - Info	Processing Component: EntityMaps
2021-01-22 11:36:44.603 - Info	Processing Component: EntityRelationships
2021-01-22 11:36:44.613 - Info	Processing Component: OrganizationSettings
2021-01-22 11:36:44.613 - Info	Processing Component: optionsets
2021-01-22 11:36:44.613 - Info	Processing Component: CustomControls
2021-01-22 11:36:44.631 - Info	 - HSL.AddressLookup
2021-01-22 11:36:44.754 - Info	Processing Component: SolutionPluginAssemblies
2021-01-22 11:36:44.756 - Info	Processing Component: EntityDataProviders
2021-01-22 11:36:44.854 - Info	
Unmanaged Pack complete.

2021-01-22 11:36:44.855 - Info	Processing Component: Entities
2021-01-22 11:36:44.855 - Info	Processing Component: Roles
2021-01-22 11:36:44.855 - Info	Processing Component: Workflows
2021-01-22 11:36:44.855 - Info	Processing Component: FieldSecurityProfiles
2021-01-22 11:36:44.855 - Info	Processing Component: Templates
2021-01-22 11:36:44.856 - Info	Processing Component: EntityMaps
2021-01-22 11:36:44.856 - Info	Processing Component: EntityRelationships
2021-01-22 11:36:44.856 - Info	Processing Component: OrganizationSettings
2021-01-22 11:36:44.856 - Info	Processing Component: optionsets
2021-01-22 11:36:44.856 - Info	Processing Component: CustomControls
2021-01-22 11:36:44.857 - Info	 - HSL.AddressLookup
2021-01-22 11:36:44.859 - Info	Processing Component: SolutionPluginAssemblies
2021-01-22 11:36:44.859 - Info	Processing Component: EntityDataProviders
2021-01-22 11:36:44.945 - Info	
Managed Pack complete.

2021-01-22 14:39:57.802 - Info	
Packing C:\Users\TSturgeon\Desktop\TimAddressLookup2\solutions\obj\Debug\Metadata to bin\Debug\Solutions.zip and bin\Debug\Solutions_managed.zip

2021-01-22 14:39:57.830 - Info	Processing Component: Entities
2021-01-22 14:39:57.834 - Info	Processing Component: Roles
2021-01-22 14:39:57.838 - Info	Processing Component: Workflows
2021-01-22 14:39:57.838 - Info	Processing Component: FieldSecurityProfiles
2021-01-22 14:39:57.838 - Info	Processing Component: Templates
2021-01-22 14:39:57.839 - Info	Processing Component: EntityMaps
2021-01-22 14:39:57.839 - Info	Processing Component: EntityRelationships
2021-01-22 14:39:57.854 - Info	Processing Component: OrganizationSettings
2021-01-22 14:39:57.855 - Info	Processing Component: optionsets
2021-01-22 14:39:57.855 - Info	Processing Component: CustomControls
2021-01-22 14:39:57.877 - Info	 - HSL.AddressLookup
2021-01-22 14:39:58.057 - Info	Processing Component: SolutionPluginAssemblies
2021-01-22 14:39:58.058 - Info	Processing Component: EntityDataProviders
2021-01-22 14:39:58.246 - Info	
Unmanaged Pack complete.

2021-01-22 14:39:58.247 - Info	Processing Component: Entities
2021-01-22 14:39:58.247 - Info	Processing Component: Roles
2021-01-22 14:39:58.248 - Info	Processing Component: Workflows
2021-01-22 14:39:58.248 - Info	Processing Component: FieldSecurityProfiles
2021-01-22 14:39:58.248 - Info	Processing Component: Templates
2021-01-22 14:39:58.248 - Info	Processing Component: EntityMaps
2021-01-22 14:39:58.249 - Info	Processing Component: EntityRelationships
2021-01-22 14:39:58.249 - Info	Processing Component: OrganizationSettings
2021-01-22 14:39:58.249 - Info	Processing Component: optionsets
2021-01-22 14:39:58.249 - Info	Processing Component: CustomControls
2021-01-22 14:39:58.250 - Info	 - HSL.AddressLookup
2021-01-22 14:39:58.253 - Info	Processing Component: SolutionPluginAssemblies
2021-01-22 14:39:58.253 - Info	Processing Component: EntityDataProviders
2021-01-22 14:39:58.359 - Info	
Managed Pack complete.

2021-01-25 16:43:32.705 - Info	
Packing C:\Users\TSturgeon\source\repos\PCFComponents\TimAddressLookup2\solutions\obj\Debug\Metadata to bin\Debug\Solutions.zip and bin\Debug\Solutions_managed.zip

2021-01-25 16:43:32.739 - Info	Processing Component: Entities
2021-01-25 16:43:32.741 - Info	Processing Component: Roles
2021-01-25 16:43:32.743 - Info	Processing Component: Workflows
2021-01-25 16:43:32.743 - Info	Processing Component: FieldSecurityProfiles
2021-01-25 16:43:32.743 - Info	Processing Component: Templates
2021-01-25 16:43:32.744 - Info	Processing Component: EntityMaps
2021-01-25 16:43:32.744 - Info	Processing Component: EntityRelationships
2021-01-25 16:43:32.759 - Info	Processing Component: OrganizationSettings
2021-01-25 16:43:32.760 - Info	Processing Component: optionsets
2021-01-25 16:43:32.760 - Info	Processing Component: CustomControls
2021-01-25 16:43:32.784 - Info	 - HSL.AddressLookup
2021-01-25 16:43:32.920 - Info	Processing Component: SolutionPluginAssemblies
2021-01-25 16:43:32.921 - Info	Processing Component: EntityDataProviders
2021-01-25 16:43:33.030 - Info	
Unmanaged Pack complete.

2021-01-25 16:43:33.031 - Info	Processing Component: Entities
2021-01-25 16:43:33.031 - Info	Processing Component: Roles
2021-01-25 16:43:33.031 - Info	Processing Component: Workflows
2021-01-25 16:43:33.031 - Info	Processing Component: FieldSecurityProfiles
2021-01-25 16:43:33.032 - Info	Processing Component: Templates
2021-01-25 16:43:33.032 - Info	Processing Component: EntityMaps
2021-01-25 16:43:33.032 - Info	Processing Component: EntityRelationships
2021-01-25 16:43:33.033 - Info	Processing Component: OrganizationSettings
2021-01-25 16:43:33.033 - Info	Processing Component: optionsets
2021-01-25 16:43:33.033 - Info	Processing Component: CustomControls
2021-01-25 16:43:33.033 - Info	 - HSL.AddressLookup
2021-01-25 16:43:33.035 - Info	Processing Component: SolutionPluginAssemblies
2021-01-25 16:43:33.036 - Info	Processing Component: EntityDataProviders
2021-01-25 16:43:33.130 - Info	
Managed Pack complete.

2021-01-26 17:10:16.824 - Info	
Packing C:\Users\TSturgeon\source\repos\PCFComponents\TimAddressLookup2\solutions\obj\Debug\Metadata to bin\Debug\Solutions.zip and bin\Debug\Solutions_managed.zip

2021-01-26 17:10:16.848 - Info	Processing Component: Entities
2021-01-26 17:10:16.850 - Info	Processing Component: Roles
2021-01-26 17:10:16.852 - Info	Processing Component: Workflows
2021-01-26 17:10:16.853 - Info	Processing Component: FieldSecurityProfiles
2021-01-26 17:10:16.853 - Info	Processing Component: Templates
2021-01-26 17:10:16.853 - Info	Processing Component: EntityMaps
2021-01-26 17:10:16.853 - Info	Processing Component: EntityRelationships
2021-01-26 17:10:16.864 - Info	Processing Component: OrganizationSettings
2021-01-26 17:10:16.864 - Info	Processing Component: optionsets
2021-01-26 17:10:16.864 - Info	Processing Component: CustomControls
2021-01-26 17:10:16.883 - Info	 - HSL.AddressLookup
2021-01-26 17:10:17.153 - Info	Processing Component: SolutionPluginAssemblies
2021-01-26 17:10:17.155 - Info	Processing Component: EntityDataProviders
2021-01-26 17:10:17.303 - Info	
Unmanaged Pack complete.

2021-01-26 17:10:17.307 - Info	Processing Component: Entities
2021-01-26 17:10:17.307 - Info	Processing Component: Roles
2021-01-26 17:10:17.307 - Info	Processing Component: Workflows
2021-01-26 17:10:17.307 - Info	Processing Component: FieldSecurityProfiles
2021-01-26 17:10:17.307 - Info	Processing Component: Templates
2021-01-26 17:10:17.307 - Info	Processing Component: EntityMaps
2021-01-26 17:10:17.307 - Info	Processing Component: EntityRelationships
2021-01-26 17:10:17.308 - Info	Processing Component: OrganizationSettings
2021-01-26 17:10:17.309 - Info	Processing Component: optionsets
2021-01-26 17:10:17.309 - Info	Processing Component: CustomControls
2021-01-26 17:10:17.309 - Info	 - HSL.AddressLookup
2021-01-26 17:10:17.312 - Info	Processing Component: SolutionPluginAssemblies
2021-01-26 17:10:17.312 - Info	Processing Component: EntityDataProviders
2021-01-26 17:10:17.449 - Info	
Managed Pack complete.

2021-01-26 17:15:53.635 - Info	
Packing C:\Users\TSturgeon\source\repos\PCFComponents\TimAddressLookup2\solutions\obj\Debug\Metadata to bin\Debug\Solutions.zip and bin\Debug\Solutions_managed.zip

2021-01-26 17:15:53.645 - Info	Processing Component: Entities
2021-01-26 17:15:53.647 - Info	Processing Component: Roles
2021-01-26 17:15:53.649 - Info	Processing Component: Workflows
2021-01-26 17:15:53.649 - Info	Processing Component: FieldSecurityProfiles
2021-01-26 17:15:53.649 - Info	Processing Component: Templates
2021-01-26 17:15:53.650 - Info	Processing Component: EntityMaps
2021-01-26 17:15:53.650 - Info	Processing Component: EntityRelationships
2021-01-26 17:15:53.653 - Info	Processing Component: OrganizationSettings
2021-01-26 17:15:53.654 - Info	Processing Component: optionsets
2021-01-26 17:15:53.654 - Info	Processing Component: CustomControls
2021-01-26 17:15:53.662 - Info	 - HSL.AddressLookup
2021-01-26 17:15:53.831 - Info	Processing Component: SolutionPluginAssemblies
2021-01-26 17:15:53.832 - Info	Processing Component: EntityDataProviders
2021-01-26 17:15:53.887 - Info	
Unmanaged Pack complete.

2021-01-26 17:15:53.888 - Info	Processing Component: Entities
2021-01-26 17:15:53.888 - Info	Processing Component: Roles
2021-01-26 17:15:53.888 - Info	Processing Component: Workflows
2021-01-26 17:15:53.888 - Info	Processing Component: FieldSecurityProfiles
2021-01-26 17:15:53.889 - Info	Processing Component: Templates
2021-01-26 17:15:53.889 - Info	Processing Component: EntityMaps
2021-01-26 17:15:53.889 - Info	Processing Component: EntityRelationships
2021-01-26 17:15:53.889 - Info	Processing Component: OrganizationSettings
2021-01-26 17:15:53.889 - Info	Processing Component: optionsets
2021-01-26 17:15:53.889 - Info	Processing Component: CustomControls
2021-01-26 17:15:53.890 - Info	 - HSL.AddressLookup
2021-01-26 17:15:53.891 - Info	Processing Component: SolutionPluginAssemblies
2021-01-26 17:15:53.891 - Info	Processing Component: EntityDataProviders
2021-01-26 17:15:53.952 - Info	
Managed Pack complete.

2021-01-27 08:07:56.718 - Info	
Packing C:\Users\TSturgeon\source\repos\PCFComponents\TimAddressLookup2\solutions\obj\Debug\Metadata to bin\Debug\Solutions.zip and bin\Debug\Solutions_managed.zip

2021-01-27 08:07:56.743 - Info	Processing Component: Entities
2021-01-27 08:07:56.746 - Info	Processing Component: Roles
2021-01-27 08:07:56.748 - Info	Processing Component: Workflows
2021-01-27 08:07:56.748 - Info	Processing Component: FieldSecurityProfiles
2021-01-27 08:07:56.748 - Info	Processing Component: Templates
2021-01-27 08:07:56.748 - Info	Processing Component: EntityMaps
2021-01-27 08:07:56.749 - Info	Processing Component: EntityRelationships
2021-01-27 08:07:56.759 - Info	Processing Component: OrganizationSettings
2021-01-27 08:07:56.759 - Info	Processing Component: optionsets
2021-01-27 08:07:56.759 - Info	Processing Component: CustomControls
2021-01-27 08:07:56.779 - Info	 - Hsl.Pcf.AddressLookupFluentUI.AddressLookup
2021-01-27 08:07:56.944 - Info	Processing Component: SolutionPluginAssemblies
2021-01-27 08:07:56.944 - Info	Processing Component: EntityDataProviders
2021-01-27 08:07:57.001 - Info	
Unmanaged Pack complete.

2021-01-27 08:07:57.001 - Info	Processing Component: Entities
2021-01-27 08:07:57.002 - Info	Processing Component: Roles
2021-01-27 08:07:57.002 - Info	Processing Component: Workflows
2021-01-27 08:07:57.002 - Info	Processing Component: FieldSecurityProfiles
2021-01-27 08:07:57.002 - Info	Processing Component: Templates
2021-01-27 08:07:57.002 - Info	Processing Component: EntityMaps
2021-01-27 08:07:57.002 - Info	Processing Component: EntityRelationships
2021-01-27 08:07:57.002 - Info	Processing Component: OrganizationSettings
2021-01-27 08:07:57.002 - Info	Processing Component: optionsets
2021-01-27 08:07:57.002 - Info	Processing Component: CustomControls
2021-01-27 08:07:57.003 - Info	 - Hsl.Pcf.AddressLookupFluentUI.AddressLookup
2021-01-27 08:07:57.004 - Info	Processing Component: SolutionPluginAssemblies
2021-01-27 08:07:57.004 - Info	Processing Component: EntityDataProviders
2021-01-27 08:07:57.054 - Info	
Managed Pack complete.

2021-01-27 08:19:46.766 - Info	
Packing C:\Users\TSturgeon\source\repos\PCFComponents\TimAddressLookup2\solutions\obj\Debug\Metadata to bin\Debug\Solutions.zip and bin\Debug\Solutions_managed.zip

2021-01-27 08:19:46.782 - Info	Processing Component: Entities
2021-01-27 08:19:46.785 - Info	Processing Component: Roles
2021-01-27 08:19:46.788 - Info	Processing Component: Workflows
2021-01-27 08:19:46.788 - Info	Processing Component: FieldSecurityProfiles
2021-01-27 08:19:46.789 - Info	Processing Component: Templates
2021-01-27 08:19:46.789 - Info	Processing Component: EntityMaps
2021-01-27 08:19:46.789 - Info	Processing Component: EntityRelationships
2021-01-27 08:19:46.794 - Info	Processing Component: OrganizationSettings
2021-01-27 08:19:46.795 - Info	Processing Component: optionsets
2021-01-27 08:19:46.795 - Info	Processing Component: CustomControls
2021-01-27 08:19:46.810 - Info	 - Hsl.Pcf.AddressLookupFluentUI.AddressLookup
2021-01-27 08:19:46.973 - Info	Processing Component: SolutionPluginAssemblies
2021-01-27 08:19:46.974 - Info	Processing Component: EntityDataProviders
2021-01-27 08:19:47.029 - Info	
Unmanaged Pack complete.

2021-01-27 08:19:47.030 - Info	Processing Component: Entities
2021-01-27 08:19:47.030 - Info	Processing Component: Roles
2021-01-27 08:19:47.030 - Info	Processing Component: Workflows
2021-01-27 08:19:47.030 - Info	Processing Component: FieldSecurityProfiles
2021-01-27 08:19:47.031 - Info	Processing Component: Templates
2021-01-27 08:19:47.031 - Info	Processing Component: EntityMaps
2021-01-27 08:19:47.031 - Info	Processing Component: EntityRelationships
2021-01-27 08:19:47.031 - Info	Processing Component: OrganizationSettings
2021-01-27 08:19:47.031 - Info	Processing Component: optionsets
2021-01-27 08:19:47.031 - Info	Processing Component: CustomControls
2021-01-27 08:19:47.032 - Info	 - Hsl.Pcf.AddressLookupFluentUI.AddressLookup
2021-01-27 08:19:47.033 - Info	Processing Component: SolutionPluginAssemblies
2021-01-27 08:19:47.033 - Info	Processing Component: EntityDataProviders
2021-01-27 08:19:47.082 - Info	
Managed Pack complete.

2021-01-27 08:21:19.548 - Info	
Packing C:\Users\TSturgeon\source\repos\PCFComponents\TimAddressLookup2\solutions\obj\Debug\Metadata to bin\Debug\Solutions.zip and bin\Debug\Solutions_managed.zip

2021-01-27 08:21:19.566 - Info	Processing Component: Entities
2021-01-27 08:21:19.569 - Info	Processing Component: Roles
2021-01-27 08:21:19.571 - Info	Processing Component: Workflows
2021-01-27 08:21:19.571 - Info	Processing Component: FieldSecurityProfiles
2021-01-27 08:21:19.572 - Info	Processing Component: Templates
2021-01-27 08:21:19.572 - Info	Processing Component: EntityMaps
2021-01-27 08:21:19.572 - Info	Processing Component: EntityRelationships
2021-01-27 08:21:19.577 - Info	Processing Component: OrganizationSettings
2021-01-27 08:21:19.578 - Info	Processing Component: optionsets
2021-01-27 08:21:19.578 - Info	Processing Component: CustomControls
2021-01-27 08:21:19.587 - Info	 - Hsl.Pcf.AddressLookupFluentUI.AddressLookup
2021-01-27 08:21:19.770 - Info	Processing Component: SolutionPluginAssemblies
2021-01-27 08:21:19.771 - Info	Processing Component: EntityDataProviders
2021-01-27 08:21:19.826 - Info	
Unmanaged Pack complete.

2021-01-27 08:21:19.826 - Info	Processing Component: Entities
2021-01-27 08:21:19.827 - Info	Processing Component: Roles
2021-01-27 08:21:19.827 - Info	Processing Component: Workflows
2021-01-27 08:21:19.827 - Info	Processing Component: FieldSecurityProfiles
2021-01-27 08:21:19.827 - Info	Processing Component: Templates
2021-01-27 08:21:19.827 - Info	Processing Component: EntityMaps
2021-01-27 08:21:19.827 - Info	Processing Component: EntityRelationships
2021-01-27 08:21:19.827 - Info	Processing Component: OrganizationSettings
2021-01-27 08:21:19.827 - Info	Processing Component: optionsets
2021-01-27 08:21:19.827 - Info	Processing Component: CustomControls
2021-01-27 08:21:19.828 - Info	 - Hsl.Pcf.AddressLookupFluentUI.AddressLookup
2021-01-27 08:21:19.829 - Info	Processing Component: SolutionPluginAssemblies
2021-01-27 08:21:19.829 - Info	Processing Component: EntityDataProviders
2021-01-27 08:21:19.879 - Info	
Managed Pack complete.

2021-01-27 08:23:41.877 - Info	
Packing C:\Users\TSturgeon\source\repos\PCFComponents\TimAddressLookup2\solutions\obj\Debug\Metadata to bin\Debug\Solutions.zip and bin\Debug\Solutions_managed.zip

2021-01-27 08:23:41.897 - Info	Processing Component: Entities
2021-01-27 08:23:41.899 - Info	Processing Component: Roles
2021-01-27 08:23:41.902 - Info	Processing Component: Workflows
2021-01-27 08:23:41.902 - Info	Processing Component: FieldSecurityProfiles
2021-01-27 08:23:41.902 - Info	Processing Component: Templates
2021-01-27 08:23:41.903 - Info	Processing Component: EntityMaps
2021-01-27 08:23:41.903 - Info	Processing Component: EntityRelationships
2021-01-27 08:23:41.908 - Info	Processing Component: OrganizationSettings
2021-01-27 08:23:41.908 - Info	Processing Component: optionsets
2021-01-27 08:23:41.908 - Info	Processing Component: CustomControls
2021-01-27 08:23:41.917 - Info	 - Hsl.Pcf.AddressLookupFluentUI.AddressLookup
2021-01-27 08:23:42.095 - Info	Processing Component: SolutionPluginAssemblies
2021-01-27 08:23:42.096 - Info	Processing Component: EntityDataProviders
2021-01-27 08:23:42.153 - Info	
Unmanaged Pack complete.

2021-01-27 08:23:42.154 - Info	Processing Component: Entities
2021-01-27 08:23:42.154 - Info	Processing Component: Roles
2021-01-27 08:23:42.154 - Info	Processing Component: Workflows
2021-01-27 08:23:42.154 - Info	Processing Component: FieldSecurityProfiles
2021-01-27 08:23:42.154 - Info	Processing Component: Templates
2021-01-27 08:23:42.154 - Info	Processing Component: EntityMaps
2021-01-27 08:23:42.154 - Info	Processing Component: EntityRelationships
2021-01-27 08:23:42.154 - Info	Processing Component: OrganizationSettings
2021-01-27 08:23:42.154 - Info	Processing Component: optionsets
2021-01-27 08:23:42.155 - Info	Processing Component: CustomControls
2021-01-27 08:23:42.155 - Info	 - Hsl.Pcf.AddressLookupFluentUI.AddressLookup
2021-01-27 08:23:42.156 - Info	Processing Component: SolutionPluginAssemblies
2021-01-27 08:23:42.157 - Info	Processing Component: EntityDataProviders
2021-01-27 08:23:42.207 - Info	
Managed Pack complete.

2021-01-27 08:42:05.852 - Info	
Packing C:\Users\TSturgeon\source\repos\PCFComponents\TimAddressLookup2\solutions\obj\Debug\Metadata to bin\Debug\Solutions.zip and bin\Debug\Solutions_managed.zip

2021-01-27 08:42:05.862 - Info	Processing Component: Entities
2021-01-27 08:42:05.864 - Info	Processing Component: Roles
2021-01-27 08:42:05.866 - Info	Processing Component: Workflows
2021-01-27 08:42:05.866 - Info	Processing Component: FieldSecurityProfiles
2021-01-27 08:42:05.866 - Info	Processing Component: Templates
2021-01-27 08:42:05.867 - Info	Processing Component: EntityMaps
2021-01-27 08:42:05.867 - Info	Processing Component: EntityRelationships
2021-01-27 08:42:05.871 - Info	Processing Component: OrganizationSettings
2021-01-27 08:42:05.871 - Info	Processing Component: optionsets
2021-01-27 08:42:05.871 - Info	Processing Component: CustomControls
2021-01-27 08:42:05.884 - Info	 - Hsl.Pcf.AddressLookupFluentUI.AddressLookup
2021-01-27 08:42:06.053 - Info	Processing Component: SolutionPluginAssemblies
2021-01-27 08:42:06.054 - Info	Processing Component: EntityDataProviders
2021-01-27 08:42:06.113 - Info	
Unmanaged Pack complete.

2021-01-27 08:42:06.114 - Info	Processing Component: Entities
2021-01-27 08:42:06.114 - Info	Processing Component: Roles
2021-01-27 08:42:06.114 - Info	Processing Component: Workflows
2021-01-27 08:42:06.114 - Info	Processing Component: FieldSecurityProfiles
2021-01-27 08:42:06.114 - Info	Processing Component: Templates
2021-01-27 08:42:06.114 - Info	Processing Component: EntityMaps
2021-01-27 08:42:06.114 - Info	Processing Component: EntityRelationships
2021-01-27 08:42:06.115 - Info	Processing Component: OrganizationSettings
2021-01-27 08:42:06.115 - Info	Processing Component: optionsets
2021-01-27 08:42:06.115 - Info	Processing Component: CustomControls
2021-01-27 08:42:06.116 - Info	 - Hsl.Pcf.AddressLookupFluentUI.AddressLookup
2021-01-27 08:42:06.117 - Info	Processing Component: SolutionPluginAssemblies
2021-01-27 08:42:06.117 - Info	Processing Component: EntityDataProviders
2021-01-27 08:42:06.166 - Info	
Managed Pack complete.

2021-01-27 08:42:32.515 - Info	
Packing C:\Users\TSturgeon\source\repos\PCFComponents\TimAddressLookup2\solutions\obj\Debug\Metadata to bin\Debug\Solutions.zip and bin\Debug\Solutions_managed.zip

2021-01-27 08:42:32.525 - Info	Processing Component: Entities
2021-01-27 08:42:32.527 - Info	Processing Component: Roles
2021-01-27 08:42:32.530 - Info	Processing Component: Workflows
2021-01-27 08:42:32.530 - Info	Processing Component: FieldSecurityProfiles
2021-01-27 08:42:32.530 - Info	Processing Component: Templates
2021-01-27 08:42:32.530 - Info	Processing Component: EntityMaps
2021-01-27 08:42:32.530 - Info	Processing Component: EntityRelationships
2021-01-27 08:42:32.534 - Info	Processing Component: OrganizationSettings
2021-01-27 08:42:32.535 - Info	Processing Component: optionsets
2021-01-27 08:42:32.535 - Info	Processing Component: CustomControls
2021-01-27 08:42:32.542 - Info	 - Hsl.Pcf.AddressLookupFluentUI.AddressLookup
2021-01-27 08:42:32.706 - Info	Processing Component: SolutionPluginAssemblies
2021-01-27 08:42:32.706 - Info	Processing Component: EntityDataProviders
2021-01-27 08:42:32.761 - Info	
Unmanaged Pack complete.

2021-01-27 08:42:32.762 - Info	Processing Component: Entities
2021-01-27 08:42:32.762 - Info	Processing Component: Roles
2021-01-27 08:42:32.762 - Info	Processing Component: Workflows
2021-01-27 08:42:32.763 - Info	Processing Component: FieldSecurityProfiles
2021-01-27 08:42:32.763 - Info	Processing Component: Templates
2021-01-27 08:42:32.763 - Info	Processing Component: EntityMaps
2021-01-27 08:42:32.763 - Info	Processing Component: EntityRelationships
2021-01-27 08:42:32.763 - Info	Processing Component: OrganizationSettings
2021-01-27 08:42:32.763 - Info	Processing Component: optionsets
2021-01-27 08:42:32.763 - Info	Processing Component: CustomControls
2021-01-27 08:42:32.764 - Info	 - Hsl.Pcf.AddressLookupFluentUI.AddressLookup
2021-01-27 08:42:32.765 - Info	Processing Component: SolutionPluginAssemblies
2021-01-27 08:42:32.765 - Info	Processing Component: EntityDataProviders
2021-01-27 08:42:32.812 - Info	
Managed Pack complete.

2021-01-27 08:43:08.702 - Info	
Packing C:\Users\TSturgeon\source\repos\PCFComponents\TimAddressLookup2\solutions\obj\Debug\Metadata to bin\Debug\Solutions.zip and bin\Debug\Solutions_managed.zip

2021-01-27 08:43:08.713 - Info	Processing Component: Entities
2021-01-27 08:43:08.715 - Info	Processing Component: Roles
2021-01-27 08:43:08.717 - Info	Processing Component: Workflows
2021-01-27 08:43:08.717 - Info	Processing Component: FieldSecurityProfiles
2021-01-27 08:43:08.718 - Info	Processing Component: Templates
2021-01-27 08:43:08.718 - Info	Processing Component: EntityMaps
2021-01-27 08:43:08.718 - Info	Processing Component: EntityRelationships
2021-01-27 08:43:08.724 - Info	Processing Component: OrganizationSettings
2021-01-27 08:43:08.724 - Info	Processing Component: optionsets
2021-01-27 08:43:08.724 - Info	Processing Component: CustomControls
2021-01-27 08:43:08.736 - Info	 - Hsl.Pcf.AddressLookupFluentUI.AddressLookup
2021-01-27 08:43:08.911 - Info	Processing Component: SolutionPluginAssemblies
2021-01-27 08:43:08.912 - Info	Processing Component: EntityDataProviders
2021-01-27 08:43:08.971 - Info	
Unmanaged Pack complete.

2021-01-27 08:43:08.972 - Info	Processing Component: Entities
2021-01-27 08:43:08.972 - Info	Processing Component: Roles
2021-01-27 08:43:08.972 - Info	Processing Component: Workflows
2021-01-27 08:43:08.972 - Info	Processing Component: FieldSecurityProfiles
2021-01-27 08:43:08.972 - Info	Processing Component: Templates
2021-01-27 08:43:08.972 - Info	Processing Component: EntityMaps
2021-01-27 08:43:08.972 - Info	Processing Component: EntityRelationships
2021-01-27 08:43:08.973 - Info	Processing Component: OrganizationSettings
2021-01-27 08:43:08.973 - Info	Processing Component: optionsets
2021-01-27 08:43:08.973 - Info	Processing Component: CustomControls
2021-01-27 08:43:08.974 - Info	 - Hsl.Pcf.AddressLookupFluentUI.AddressLookup
2021-01-27 08:43:08.975 - Info	Processing Component: SolutionPluginAssemblies
2021-01-27 08:43:08.975 - Info	Processing Component: EntityDataProviders
2021-01-27 08:43:09.028 - Info	
Managed Pack complete.

2021-01-27 08:47:43.157 - Info	
Packing C:\Users\TSturgeon\source\repos\PCFComponents\TimAddressLookup2\solutions\obj\Debug\Metadata to bin\Debug\Solutions.zip and bin\Debug\Solutions_managed.zip

2021-01-27 08:47:43.166 - Info	Processing Component: Entities
2021-01-27 08:47:43.168 - Info	Processing Component: Roles
2021-01-27 08:47:43.170 - Info	Processing Component: Workflows
2021-01-27 08:47:43.170 - Info	Processing Component: FieldSecurityProfiles
2021-01-27 08:47:43.170 - Info	Processing Component: Templates
2021-01-27 08:47:43.171 - Info	Processing Component: EntityMaps
2021-01-27 08:47:43.171 - Info	Processing Component: EntityRelationships
2021-01-27 08:47:43.175 - Info	Processing Component: OrganizationSettings
2021-01-27 08:47:43.175 - Info	Processing Component: optionsets
2021-01-27 08:47:43.175 - Info	Processing Component: CustomControls
2021-01-27 08:47:43.188 - Info	 - Hsl.Pcf.AddressLookupFluentUI.AddressLookup
2021-01-27 08:47:43.361 - Info	Processing Component: SolutionPluginAssemblies
2021-01-27 08:47:43.362 - Info	Processing Component: EntityDataProviders
2021-01-27 08:47:43.416 - Info	
Unmanaged Pack complete.

2021-01-27 08:47:43.417 - Info	Processing Component: Entities
2021-01-27 08:47:43.417 - Info	Processing Component: Roles
2021-01-27 08:47:43.417 - Info	Processing Component: Workflows
2021-01-27 08:47:43.417 - Info	Processing Component: FieldSecurityProfiles
2021-01-27 08:47:43.417 - Info	Processing Component: Templates
2021-01-27 08:47:43.417 - Info	Processing Component: EntityMaps
2021-01-27 08:47:43.418 - Info	Processing Component: EntityRelationships
2021-01-27 08:47:43.418 - Info	Processing Component: OrganizationSettings
2021-01-27 08:47:43.418 - Info	Processing Component: optionsets
2021-01-27 08:47:43.418 - Info	Processing Component: CustomControls
2021-01-27 08:47:43.419 - Info	 - Hsl.Pcf.AddressLookupFluentUI.AddressLookup
2021-01-27 08:47:43.420 - Info	Processing Component: SolutionPluginAssemblies
2021-01-27 08:47:43.420 - Info	Processing Component: EntityDataProviders
2021-01-27 08:47:43.469 - Info	
Managed Pack complete.

2021-01-27 08:58:55.778 - Info	
Packing C:\Users\TSturgeon\source\repos\PCFComponents\TimAddressLookup2\solutions\obj\Debug\Metadata to bin\Debug\Solutions.zip and bin\Debug\Solutions_managed.zip

2021-01-27 08:58:55.788 - Info	Processing Component: Entities
2021-01-27 08:58:55.790 - Info	Processing Component: Roles
2021-01-27 08:58:55.792 - Info	Processing Component: Workflows
2021-01-27 08:58:55.792 - Info	Processing Component: FieldSecurityProfiles
2021-01-27 08:58:55.792 - Info	Processing Component: Templates
2021-01-27 08:58:55.793 - Info	Processing Component: EntityMaps
2021-01-27 08:58:55.793 - Info	Processing Component: EntityRelationships
2021-01-27 08:58:55.796 - Info	Processing Component: OrganizationSettings
2021-01-27 08:58:55.797 - Info	Processing Component: optionsets
2021-01-27 08:58:55.797 - Info	Processing Component: CustomControls
2021-01-27 08:58:55.804 - Info	 - Hsl.Pcf.AddressLookupFluentUI.AddressLookup
2021-01-27 08:58:55.974 - Info	Processing Component: SolutionPluginAssemblies
2021-01-27 08:58:55.975 - Info	Processing Component: EntityDataProviders
2021-01-27 08:58:56.029 - Info	
Unmanaged Pack complete.

2021-01-27 08:58:56.030 - Info	Processing Component: Entities
2021-01-27 08:58:56.030 - Info	Processing Component: Roles
2021-01-27 08:58:56.030 - Info	Processing Component: Workflows
2021-01-27 08:58:56.030 - Info	Processing Component: FieldSecurityProfiles
2021-01-27 08:58:56.031 - Info	Processing Component: Templates
2021-01-27 08:58:56.031 - Info	Processing Component: EntityMaps
2021-01-27 08:58:56.031 - Info	Processing Component: EntityRelationships
2021-01-27 08:58:56.031 - Info	Processing Component: OrganizationSettings
2021-01-27 08:58:56.031 - Info	Processing Component: optionsets
2021-01-27 08:58:56.031 - Info	Processing Component: CustomControls
2021-01-27 08:58:56.032 - Info	 - Hsl.Pcf.AddressLookupFluentUI.AddressLookup
2021-01-27 08:58:56.033 - Info	Processing Component: SolutionPluginAssemblies
2021-01-27 08:58:56.033 - Info	Processing Component: EntityDataProviders
2021-01-27 08:58:56.081 - Info	
Managed Pack complete.

2021-01-27 09:23:41.187 - Info	
Packing C:\Users\TSturgeon\source\repos\PCFComponents\TimAddressLookup2\solutions\obj\Debug\Metadata to bin\Debug\Solutions.zip and bin\Debug\Solutions_managed.zip

2021-01-27 09:23:41.212 - Info	Processing Component: Entities
2021-01-27 09:23:41.215 - Info	Processing Component: Roles
2021-01-27 09:23:41.217 - Info	Processing Component: Workflows
2021-01-27 09:23:41.217 - Info	Processing Component: FieldSecurityProfiles
2021-01-27 09:23:41.218 - Info	Processing Component: Templates
2021-01-27 09:23:41.218 - Info	Processing Component: EntityMaps
2021-01-27 09:23:41.219 - Info	Processing Component: EntityRelationships
2021-01-27 09:23:41.228 - Info	Processing Component: OrganizationSettings
2021-01-27 09:23:41.229 - Info	Processing Component: optionsets
2021-01-27 09:23:41.229 - Info	Processing Component: CustomControls
2021-01-27 09:23:41.247 - Info	 - Hsl.Pcf.AddressLookupFluentUI.AddressLookup
2021-01-27 09:23:41.409 - Info	Processing Component: SolutionPluginAssemblies
2021-01-27 09:23:41.410 - Info	Processing Component: EntityDataProviders
2021-01-27 09:23:41.467 - Info	
Unmanaged Pack complete.

2021-01-27 09:23:41.468 - Info	Processing Component: Entities
2021-01-27 09:23:41.469 - Info	Processing Component: Roles
2021-01-27 09:23:41.469 - Info	Processing Component: Workflows
2021-01-27 09:23:41.469 - Info	Processing Component: FieldSecurityProfiles
2021-01-27 09:23:41.469 - Info	Processing Component: Templates
2021-01-27 09:23:41.469 - Info	Processing Component: EntityMaps
2021-01-27 09:23:41.469 - Info	Processing Component: EntityRelationships
2021-01-27 09:23:41.470 - Info	Processing Component: OrganizationSettings
2021-01-27 09:23:41.470 - Info	Processing Component: optionsets
2021-01-27 09:23:41.470 - Info	Processing Component: CustomControls
2021-01-27 09:23:41.471 - Info	 - Hsl.Pcf.AddressLookupFluentUI.AddressLookup
2021-01-27 09:23:41.473 - Info	Processing Component: SolutionPluginAssemblies
2021-01-27 09:23:41.473 - Info	Processing Component: EntityDataProviders
2021-01-27 09:23:41.524 - Info	
Managed Pack complete.

